C:\Program1\Microsoft Visual Studio\2022\Community\MSBuild\Microsoft\VC\v170\Microsoft.CppBuild.targets(538,5): warning MSB8028: The intermediate directory (Debug\) contains files shared from another project (FlexBisonTools.vcxproj).  This can lead to incorrect clean and rebuild behavior.
  Absyn.h
  COOL.tab.cc
C:\Program1\VsCode\Compiler\Project4\Windows\AbsSynTree\MainDriver\COOL.tab.cc(954,5): warning C4065: switch statement contains 'default' but no 'case' labels
C:\Program1\VsCode\Compiler\Project4\Windows\AbsSynTree\MainDriver\COOL.tab.cc(1355,5): warning C4065: switch statement contains 'default' but no 'case' labels
  main.cpp
  dump.cpp
  StringTab.cc
  Generating Code...
  lex.yy.cc
C:\Program1\Microsoft Visual Studio\2022\Community\VC\Tools\MSVC\14.44.35207\include\stdint.h(49,9): warning C4005: 'INT8_MIN': macro redefinition
  (compiling source file 'lex.yy.cc')
      C:\Program1\VsCode\Compiler\Project4\Windows\AbsSynTree\MainDriver\lex.yy.cc(62,9):
      see previous definition of 'INT8_MIN'
  
C:\Program1\Microsoft Visual Studio\2022\Community\VC\Tools\MSVC\14.44.35207\include\stdint.h(50,9): warning C4005: 'INT16_MIN': macro redefinition
  (compiling source file 'lex.yy.cc')
      C:\Program1\VsCode\Compiler\Project4\Windows\AbsSynTree\MainDriver\lex.yy.cc(65,9):
      see previous definition of 'INT16_MIN'
  
C:\Program1\Microsoft Visual Studio\2022\Community\VC\Tools\MSVC\14.44.35207\include\stdint.h(51,9): warning C4005: 'INT32_MIN': macro redefinition
  (compiling source file 'lex.yy.cc')
      C:\Program1\VsCode\Compiler\Project4\Windows\AbsSynTree\MainDriver\lex.yy.cc(68,9):
      see previous definition of 'INT32_MIN'
  
C:\Program1\Microsoft Visual Studio\2022\Community\VC\Tools\MSVC\14.44.35207\include\stdint.h(53,9): warning C4005: 'INT8_MAX': macro redefinition
  (compiling source file 'lex.yy.cc')
      C:\Program1\VsCode\Compiler\Project4\Windows\AbsSynTree\MainDriver\lex.yy.cc(71,9):
      see previous definition of 'INT8_MAX'
  
C:\Program1\Microsoft Visual Studio\2022\Community\VC\Tools\MSVC\14.44.35207\include\stdint.h(54,9): warning C4005: 'INT16_MAX': macro redefinition
  (compiling source file 'lex.yy.cc')
      C:\Program1\VsCode\Compiler\Project4\Windows\AbsSynTree\MainDriver\lex.yy.cc(74,9):
      see previous definition of 'INT16_MAX'
  
C:\Program1\Microsoft Visual Studio\2022\Community\VC\Tools\MSVC\14.44.35207\include\stdint.h(55,9): warning C4005: 'INT32_MAX': macro redefinition
  (compiling source file 'lex.yy.cc')
      C:\Program1\VsCode\Compiler\Project4\Windows\AbsSynTree\MainDriver\lex.yy.cc(77,9):
      see previous definition of 'INT32_MAX'
  
C:\Program1\Microsoft Visual Studio\2022\Community\VC\Tools\MSVC\14.44.35207\include\stdint.h(57,9): warning C4005: 'UINT8_MAX': macro redefinition
  (compiling source file 'lex.yy.cc')
      C:\Program1\VsCode\Compiler\Project4\Windows\AbsSynTree\MainDriver\lex.yy.cc(80,9):
      see previous definition of 'UINT8_MAX'
  
C:\Program1\Microsoft Visual Studio\2022\Community\VC\Tools\MSVC\14.44.35207\include\stdint.h(58,9): warning C4005: 'UINT16_MAX': macro redefinition
  (compiling source file 'lex.yy.cc')
      C:\Program1\VsCode\Compiler\Project4\Windows\AbsSynTree\MainDriver\lex.yy.cc(83,9):
      see previous definition of 'UINT16_MAX'
  
C:\Program1\Microsoft Visual Studio\2022\Community\VC\Tools\MSVC\14.44.35207\include\stdint.h(59,9): warning C4005: 'UINT32_MAX': macro redefinition
  (compiling source file 'lex.yy.cc')
      C:\Program1\VsCode\Compiler\Project4\Windows\AbsSynTree\MainDriver\lex.yy.cc(86,9):
      see previous definition of 'UINT32_MAX'
  
C:\Program1\VsCode\Compiler\Project4\Windows\AbsSynTree\MainDriver\lex.yy.cc(1390,21): warning C4244: 'return': conversion from 'std::streamsize' to 'int', possible loss of data
  MainDriver.vcxproj -> C:\Program1\VsCode\Compiler\Project4\Windows\AbsSynTree\Debug\MainDriver.exe
